<?xml version="1.0" encoding="UTF-8"?>
<!-- Generated by org.testng.reporters.JUnitXMLReporter -->
<testsuite hostname="DESKTOP-4Q6K2RT" ignored="0" tests="1" failures="1" timestamp="20 May 2018 22:13:21 GMT" time="17.197" errors="0">
  <testcase name="verfy" time="17.179" classname="Doubleclick">
    <failure type="org.openqa.selenium.WebDriverException" message="Failed to decode response from marionette
Build info: version: &amp;apos;unknown&amp;apos;, revision: &amp;apos;unknown&amp;apos;, time: &amp;apos;unknown&amp;apos;
System info: host: &amp;apos;DESKTOP-4Q6K2RT&amp;apos;, ip: &amp;apos;192.168.0.119&amp;apos;, os.name: &amp;apos;Windows 10&amp;apos;, os.arch: &amp;apos;amd64&amp;apos;, os.version: &amp;apos;10.0&amp;apos;, java.version: &amp;apos;1.8.0_144&amp;apos;
Driver info: org.openqa.selenium.firefox.FirefoxDriver
Capabilities [{moz:profile=C:\Users\Hemanth\AppData\Local\Temp\rust_mozprofile.uau0y6LQozoD, rotatable=false, timeouts={implicit=0, pageLoad=300000, script=30000}, pageLoadStrategy=normal, platform=XP, specificationLevel=0, moz:accessibilityChecks=false, acceptInsecureCerts=false, browserVersion=54.0.1, platformVersion=10.0, moz:processID=9232, browserName=firefox, javascriptEnabled=true, platformName=XP}]
Session ID: 03945726-0bcf-4441-886c-82a3e9873f4d">
      <![CDATA[org.openqa.selenium.WebDriverException: Failed to decode response from marionette
Build info: version: 'unknown', revision: 'unknown', time: 'unknown'
System info: host: 'DESKTOP-4Q6K2RT', ip: '192.168.0.119', os.name: 'Windows 10', os.arch: 'amd64', os.version: '10.0', java.version: '1.8.0_144'
Driver info: org.openqa.selenium.firefox.FirefoxDriver
Capabilities [{moz:profile=C:\Users\Hemanth\AppData\Local\Temp\rust_mozprofile.uau0y6LQozoD, rotatable=false, timeouts={implicit=0, pageLoad=300000, script=30000}, pageLoadStrategy=normal, platform=XP, specificationLevel=0, moz:accessibilityChecks=false, acceptInsecureCerts=false, browserVersion=54.0.1, platformVersion=10.0, moz:processID=9232, browserName=firefox, javascriptEnabled=true, platformName=XP}]
Session ID: 03945726-0bcf-4441-886c-82a3e9873f4d
	at org.openqa.selenium.remote.http.W3CHttpResponseCodec.createException(W3CHttpResponseCodec.java:185)
	at org.openqa.selenium.remote.http.W3CHttpResponseCodec.decode(W3CHttpResponseCodec.java:120)
	at org.openqa.selenium.remote.http.W3CHttpResponseCodec.decode(W3CHttpResponseCodec.java:49)
	at org.openqa.selenium.remote.HttpCommandExecutor.execute(HttpCommandExecutor.java:164)
	at org.openqa.selenium.remote.service.DriverCommandExecutor.execute(DriverCommandExecutor.java:82)
	at org.openqa.selenium.remote.RemoteWebDriver.execute(RemoteWebDriver.java:646)
	at org.openqa.selenium.remote.RemoteWebDriver.perform(RemoteWebDriver.java:712)
	at org.openqa.selenium.interactions.Actions$BuiltAction.perform(Actions.java:638)
	at org.openqa.selenium.interactions.Actions.perform(Actions.java:594)
	at Doubleclick.verfy(Doubleclick.java:18)
	at HowToRunFailedTestcase.main(HowToRunFailedTestcase.java:13)
... Removed 26 stack frames]]>
    </failure>
  </testcase> <!-- verfy -->
</testsuite>
