<?xml version="1.0" encoding="UTF-8"?>
<testng-results skipped="0" failed="0" ignored="0" total="1" passed="1">
  <reporter-output>
  </reporter-output>
  <suite name="Default suite" duration-ms="15694" started-at="2018-06-26T06:37:16Z" finished-at="2018-06-26T06:37:32Z">
    <groups>
    </groups>
    <test name="Default test" duration-ms="15694" started-at="2018-06-26T06:37:16Z" finished-at="2018-06-26T06:37:32Z">
      <class name="PageTitle">
        <test-method status="PASS" signature="verfy()[pri:0, instance:PageTitle@5702b3b1]" name="verfy" duration-ms="15663" started-at="2018-06-26T12:07:16Z" finished-at="2018-06-26T12:07:32Z">
          <reporter-output>
          </reporter-output>
        </test-method> <!-- verfy -->
      </class> <!-- PageTitle -->
    </test> <!-- Default test -->
  </suite> <!-- Default suite -->
</testng-results>
