<?xml version="1.0" encoding="UTF-8"?>
<testng-results skipped="0" failed="0" ignored="0" total="1" passed="1">
  <reporter-output>
  </reporter-output>
  <suite name="Default suite" duration-ms="35304" started-at="2019-02-11T16:55:25Z" finished-at="2019-02-11T16:56:00Z">
    <groups>
    </groups>
    <test name="Default test" duration-ms="35304" started-at="2019-02-11T16:55:25Z" finished-at="2019-02-11T16:56:00Z">
      <class name="Test1">
        <test-method status="PASS" signature="verfy()[pri:0, instance:Test1@1ce92674]" name="verfy" duration-ms="35231" started-at="2019-02-11T22:25:25Z" finished-at="2019-02-11T22:26:00Z">
          <reporter-output>
          </reporter-output>
        </test-method> <!-- verfy -->
      </class> <!-- Test1 -->
    </test> <!-- Default test -->
  </suite> <!-- Default suite -->
</testng-results>
