<?xml version="1.0" encoding="UTF-8"?>
<!-- Generated by org.testng.reporters.JUnitXMLReporter -->
<testsuite hostname="DESKTOP-4Q6K2RT" ignored="0" tests="9" failures="0" timestamp="15 Jun 2018 21:30:13 GMT" time="189.457" errors="0">
  <testcase name="setup" time="13.752" classname="JavaScriptExeguter"/>
  <testcase name="Setup" time="19.876" classname="SelectingProduct"/>
  <testcase name="setup" time="22.082" classname="Booking"/>
  <testcase name="Setup" time="13.89" classname="Testcase1"/>
  <testcase name="XXX" time="15.408" classname="Test1"/>
  <testcase name="Setup" time="20.628" classname="Gmailverfication"/>
  <testcase name="Setup" time="42.467" classname="SearchingProduct"/>
  <testcase name="Setup" time="21.674" classname="TestLogin"/>
  <testcase name="Setup" time="19.621" classname="AddToCart"/>
</testsuite>
